<?xml version="1.0" encoding="UTF-8"?>
<testsuite xmlns:xsi="http://www.w3.org/2001/XMLSchema-instance" xsi:noNamespaceSchemaLocation="https://maven.apache.org/surefire/maven-surefire-plugin/xsd/surefire-test-report.xsd" name="com.lambdaschool.school.services.UserServiceImplUnitTest" time="27.075" tests="22" errors="7" skipped="0" failures="0">
  <properties>
[...]
</properties>
  <testcase name="AA_findByUsernameNotfound" classname="com.lambdaschool.school.services.UserServiceImplUnitTest" time="0.215"/>
  <testcase name="AA_loadUserByUsernameNotfound" classname="com.lambdaschool.school.services.UserServiceImplUnitTest" time="0.038"/>
  <testcase name="A_loadUserByUsername" classname="com.lambdaschool.school.services.UserServiceImplUnitTest" time="0.055"/>
  <testcase name="BA_findUserByIdNotFound" classname="com.lambdaschool.school.services.UserServiceImplUnitTest" time="0.028"/>
  <testcase name="B_findUserById" classname="com.lambdaschool.school.services.UserServiceImplUnitTest" time="0.057">
    <error message="User id 4 not found!" type="com.lambdaschool.school.exception.ResourceNotFoundException">com.lambdaschool.school.exception.ResourceNotFoundException: User id 4 not found!
	at com.lambdaschool.school.services.UserServiceImplUnitTest.B_findUserById(UserServiceImplUnitTest.java:67)
</error>
  </testcase>
  <testcase name="C_findAll" classname="com.lambdaschool.school.services.UserServiceImplUnitTest" time="0.014"/>
  <testcase name="DA_notFoundDelete" classname="com.lambdaschool.school.services.UserServiceImplUnitTest" time="0.009"/>
  <testcase name="D_delete" classname="com.lambdaschool.school.services.UserServiceImplUnitTest" time="0.012">
    <error message="User id 13 not found!" type="com.lambdaschool.school.exception.ResourceNotFoundException">com.lambdaschool.school.exception.ResourceNotFoundException: User id 13 not found!
	at com.lambdaschool.school.services.UserServiceImplUnitTest.D_delete(UserServiceImplUnitTest.java:85)
</error>
  </testcase>
  <testcase name="E_findByUsername" classname="com.lambdaschool.school.services.UserServiceImplUnitTest" time="0.036"/>
  <testcase name="FA_saveResourceFound" classname="com.lambdaschool.school.services.UserServiceImplUnitTest" time="0.734"/>
  <testcase name="F_save" classname="com.lambdaschool.school.services.UserServiceImplUnitTest" time="0.653"/>
  <testcase name="GA_updateWithUserRole" classname="com.lambdaschool.school.services.UserServiceImplUnitTest" time="0.497">
    <error message="Unexpected exception, expected&lt;com.lambdaschool.school.exception.ResourceFoundException&gt; but was&lt;com.lambdaschool.school.exception.ResourceNotFoundException&gt;" type="java.lang.Exception"><![CDATA[java.lang.Exception: Unexpected exception, expected<com.lambdaschool.school.exception.ResourceFoundException> but was<com.lambdaschool.school.exception.ResourceNotFoundException>
	at com.lambdaschool.school.services.UserServiceImplUnitTest.GA_updateWithUserRole(UserServiceImplUnitTest.java:186)
]]></error>
    <system-out><![CDATA[2019-09-19 18:20:20.684  INFO 3874 --- [           main] o.s.t.c.transaction.TransactionContext   : Began transaction (1) for test context [DefaultTestContext@2febad2e testClass = UserServiceImplUnitTest, testInstance = com.lambdaschool.school.services.UserServiceImplUnitTest@6a8da58e, testMethod = GA_updateWithUserRole@UserServiceImplUnitTest, testException = [null], mergedContextConfiguration = [WebMergedContextConfiguration@10a416af testClass = UserServiceImplUnitTest, locations = '{}', classes = '{class com.lambdaschool.school.SchoolApplication, class com.lambdaschool.school.SchoolApplication}', contextInitializerClasses = '[]', activeProfiles = '{}', propertySourceLocations = '{}', propertySourceProperties = '{org.springframework.boot.test.context.SpringBootTestContextBootstrapper=true}', contextCustomizers = set[org.springframework.boot.test.context.filter.ExcludeFilterContextCustomizer@a2431d0, org.springframework.boot.test.json.DuplicateJsonObjectContextCustomizerFactory$DuplicateJsonObjectContextCustomizer@1b6e1eff, org.springframework.boot.test.mock.mockito.MockitoContextCustomizer@0, org.springframework.boot.test.web.client.TestRestTemplateContextCustomizer@2df9b86, org.springframework.boot.test.autoconfigure.properties.PropertyMappingContextCustomizer@0, org.springframework.boot.test.autoconfigure.web.servlet.WebDriverContextCustomizerFactory$Customizer@63a12c68], resourceBasePath = 'src/main/webapp', contextLoader = 'org.springframework.boot.test.context.SpringBootContextLoader', parent = [null]], attributes = map['org.springframework.test.context.web.ServletTestExecutionListener.activateListener' -> true, 'org.springframework.test.context.web.ServletTestExecutionListener.populatedRequestContextHolder' -> true, 'org.springframework.test.context.web.ServletTestExecutionListener.resetRequestContextHolder' -> true]]; transaction manager [org.springframework.orm.jpa.JpaTransactionManager@5e3def9e]; rollback [true]
2019-09-19 18:20:21.162  INFO 3874 --- [           main] o.s.t.c.transaction.TransactionContext   : Rolled back transaction for test: [DefaultTestContext@2febad2e testClass = UserServiceImplUnitTest, testInstance = com.lambdaschool.school.services.UserServiceImplUnitTest@6a8da58e, testMethod = GA_updateWithUserRole@UserServiceImplUnitTest, testException = java.lang.Exception: Unexpected exception, expected<com.lambdaschool.school.exception.ResourceFoundException> but was<com.lambdaschool.school.exception.ResourceNotFoundException>, mergedContextConfiguration = [WebMergedContextConfiguration@10a416af testClass = UserServiceImplUnitTest, locations = '{}', classes = '{class com.lambdaschool.school.SchoolApplication, class com.lambdaschool.school.SchoolApplication}', contextInitializerClasses = '[]', activeProfiles = '{}', propertySourceLocations = '{}', propertySourceProperties = '{org.springframework.boot.test.context.SpringBootTestContextBootstrapper=true}', contextCustomizers = set[org.springframework.boot.test.context.filter.ExcludeFilterContextCustomizer@a2431d0, org.springframework.boot.test.json.DuplicateJsonObjectContextCustomizerFactory$DuplicateJsonObjectContextCustomizer@1b6e1eff, org.springframework.boot.test.mock.mockito.MockitoContextCustomizer@0, org.springframework.boot.test.web.client.TestRestTemplateContextCustomizer@2df9b86, org.springframework.boot.test.autoconfigure.properties.PropertyMappingContextCustomizer@0, org.springframework.boot.test.autoconfigure.web.servlet.WebDriverContextCustomizerFactory$Customizer@63a12c68], resourceBasePath = 'src/main/webapp', contextLoader = 'org.springframework.boot.test.context.SpringBootContextLoader', parent = [null]], attributes = map['org.springframework.test.context.web.ServletTestExecutionListener.activateListener' -> true, 'org.springframework.test.context.web.ServletTestExecutionListener.populatedRequestContextHolder' -> true, 'org.springframework.test.context.web.ServletTestExecutionListener.resetRequestContextHolder' -> true]]
]]></system-out>
  </testcase>
  <testcase name="GB_updateNotCurrentUserNorAdmin" classname="com.lambdaschool.school.services.UserServiceImplUnitTest" time="0.441"/>
  <testcase name="G_update" classname="com.lambdaschool.school.services.UserServiceImplUnitTest" time="0.305">
    <error message="7 Not current user" type="com.lambdaschool.school.exception.ResourceNotFoundException">com.lambdaschool.school.exception.ResourceNotFoundException: 7 Not current user
	at com.lambdaschool.school.services.UserServiceImplUnitTest.G_update(UserServiceImplUnitTest.java:156)
</error>
    <system-out><![CDATA[2019-09-19 18:20:21.606  INFO 3874 --- [           main] o.s.t.c.transaction.TransactionContext   : Began transaction (1) for test context [DefaultTestContext@2febad2e testClass = UserServiceImplUnitTest, testInstance = com.lambdaschool.school.services.UserServiceImplUnitTest@17385b89, testMethod = G_update@UserServiceImplUnitTest, testException = [null], mergedContextConfiguration = [WebMergedContextConfiguration@10a416af testClass = UserServiceImplUnitTest, locations = '{}', classes = '{class com.lambdaschool.school.SchoolApplication, class com.lambdaschool.school.SchoolApplication}', contextInitializerClasses = '[]', activeProfiles = '{}', propertySourceLocations = '{}', propertySourceProperties = '{org.springframework.boot.test.context.SpringBootTestContextBootstrapper=true}', contextCustomizers = set[org.springframework.boot.test.context.filter.ExcludeFilterContextCustomizer@a2431d0, org.springframework.boot.test.json.DuplicateJsonObjectContextCustomizerFactory$DuplicateJsonObjectContextCustomizer@1b6e1eff, org.springframework.boot.test.mock.mockito.MockitoContextCustomizer@0, org.springframework.boot.test.web.client.TestRestTemplateContextCustomizer@2df9b86, org.springframework.boot.test.autoconfigure.properties.PropertyMappingContextCustomizer@0, org.springframework.boot.test.autoconfigure.web.servlet.WebDriverContextCustomizerFactory$Customizer@63a12c68], resourceBasePath = 'src/main/webapp', contextLoader = 'org.springframework.boot.test.context.SpringBootContextLoader', parent = [null]], attributes = map['org.springframework.test.context.web.ServletTestExecutionListener.activateListener' -> true, 'org.springframework.test.context.web.ServletTestExecutionListener.populatedRequestContextHolder' -> true, 'org.springframework.test.context.web.ServletTestExecutionListener.resetRequestContextHolder' -> true]]; transaction manager [org.springframework.orm.jpa.JpaTransactionManager@5e3def9e]; rollback [true]
2019-09-19 18:20:21.906  INFO 3874 --- [           main] o.s.t.c.transaction.TransactionContext   : Rolled back transaction for test: [DefaultTestContext@2febad2e testClass = UserServiceImplUnitTest, testInstance = com.lambdaschool.school.services.UserServiceImplUnitTest@17385b89, testMethod = G_update@UserServiceImplUnitTest, testException = com.lambdaschool.school.exception.ResourceNotFoundException: 7 Not current user, mergedContextConfiguration = [WebMergedContextConfiguration@10a416af testClass = UserServiceImplUnitTest, locations = '{}', classes = '{class com.lambdaschool.school.SchoolApplication, class com.lambdaschool.school.SchoolApplication}', contextInitializerClasses = '[]', activeProfiles = '{}', propertySourceLocations = '{}', propertySourceProperties = '{org.springframework.boot.test.context.SpringBootTestContextBootstrapper=true}', contextCustomizers = set[org.springframework.boot.test.context.filter.ExcludeFilterContextCustomizer@a2431d0, org.springframework.boot.test.json.DuplicateJsonObjectContextCustomizerFactory$DuplicateJsonObjectContextCustomizer@1b6e1eff, org.springframework.boot.test.mock.mockito.MockitoContextCustomizer@0, org.springframework.boot.test.web.client.TestRestTemplateContextCustomizer@2df9b86, org.springframework.boot.test.autoconfigure.properties.PropertyMappingContextCustomizer@0, org.springframework.boot.test.autoconfigure.web.servlet.WebDriverContextCustomizerFactory$Customizer@63a12c68], resourceBasePath = 'src/main/webapp', contextLoader = 'org.springframework.boot.test.context.SpringBootContextLoader', parent = [null]], attributes = map['org.springframework.test.context.web.ServletTestExecutionListener.activateListener' -> true, 'org.springframework.test.context.web.ServletTestExecutionListener.populatedRequestContextHolder' -> true, 'org.springframework.test.context.web.ServletTestExecutionListener.resetRequestContextHolder' -> true]]
]]></system-out>
  </testcase>
  <testcase name="HA_deleteUserRoleRoleNotFound" classname="com.lambdaschool.school.services.UserServiceImplUnitTest" time="0.011"/>
  <testcase name="HB_deleteUserRoleUserNotFound" classname="com.lambdaschool.school.services.UserServiceImplUnitTest" time="0.022"/>
  <testcase name="H_deleteUserRoleComboNotFound" classname="com.lambdaschool.school.services.UserServiceImplUnitTest" time="0.009"/>
  <testcase name="IA_addUserRoleUserRoleFound" classname="com.lambdaschool.school.services.UserServiceImplUnitTest" time="0.01">
    <error message="Unexpected exception, expected&lt;com.lambdaschool.school.exception.ResourceFoundException&gt; but was&lt;com.lambdaschool.school.exception.ResourceNotFoundException&gt;" type="java.lang.Exception"><![CDATA[java.lang.Exception: Unexpected exception, expected<com.lambdaschool.school.exception.ResourceFoundException> but was<com.lambdaschool.school.exception.ResourceNotFoundException>
	at com.lambdaschool.school.services.UserServiceImplUnitTest.IA_addUserRoleUserRoleFound(UserServiceImplUnitTest.java:250)
]]></error>
  </testcase>
  <testcase name="IB_deleteUserRole" classname="com.lambdaschool.school.services.UserServiceImplUnitTest" time="0.011">
    <error message="User id 11 not found!" type="com.lambdaschool.school.exception.ResourceNotFoundException">com.lambdaschool.school.exception.ResourceNotFoundException: User id 11 not found!
	at com.lambdaschool.school.services.UserServiceImplUnitTest.IB_deleteUserRole(UserServiceImplUnitTest.java:256)
</error>
  </testcase>
  <testcase name="IC_addUserRoleRoleNotFound" classname="com.lambdaschool.school.services.UserServiceImplUnitTest" time="0.01"/>
  <testcase name="ID_addUserRoleUserNotFound" classname="com.lambdaschool.school.services.UserServiceImplUnitTest" time="0.01"/>
  <testcase name="IE_addUserRole" classname="com.lambdaschool.school.services.UserServiceImplUnitTest" time="0.055">
    <error message="User id 11 not found!" type="com.lambdaschool.school.exception.ResourceNotFoundException">com.lambdaschool.school.exception.ResourceNotFoundException: User id 11 not found!
	at com.lambdaschool.school.services.UserServiceImplUnitTest.IE_addUserRole(UserServiceImplUnitTest.java:274)
</error>
  </testcase>
</testsuite>